{"uuid":"1329cd97-b924-477c-989c-896055ad085e","historyId":"c631742661db14d31705bb399150f39d","testCaseId":"[engine:junit-jupiter]/[class:com.example.demo.tests.ProductPageTest]/[method:shouldVerifyShopLinkButton()]","testCaseName":"Проверка кнопки 'Перейти в магазин'","fullName":"com.example.demo.tests.ProductPageTest.shouldVerifyShopLinkButton","labels":[{"name":"junit.platform.uniqueid","value":"[engine:junit-jupiter]/[class:com.example.demo.tests.ProductPageTest]/[method:shouldVerifyShopLinkButton()]"},{"name":"host","value":"Egorik_Legenda"},{"name":"thread","value":"24616@Egorik_Legenda.Test worker(1)"},{"name":"framework","value":"junit-platform"},{"name":"language","value":"java"},{"name":"package","value":"com.example.demo.tests.ProductPageTest"},{"name":"testClass","value":"com.example.demo.tests.ProductPageTest"},{"name":"testMethod","value":"shouldVerifyShopLinkButton"},{"name":"suite","value":"com.example.demo.tests.ProductPageTest"}],"links":[],"name":"Проверка кнопки 'Перейти в магазин'","status":"failed","statusDetails":{"known":false,"muted":false,"flaky":false,"message":"Invalid element state [a[data-testid='market_item_page_shop_link']]: element click intercepted: Element <a class=\"vkitButton__root--RejCB vkuiInternalTappable vkuiButton__host vkuiButton__sizeM vkuiButton__modeSecondary vkuiButton__appearanceAccent vkuiTappable__host vkuiTappable__hasPointerNone vkuiClickable__host vkuiClickable__realClickable vkuistyles__-focus-visible vkuiRootComponent__host\" target=\"_blank\" data-testid=\"market_item_page_shop_link\" href=\"/uslugi-225299895\">...</a> is not clickable at point (1064, 638). Other element would receive the click: <div class=\"PageBottomBanner__in\">...</div>\r\nScreenshot: file:/C:/Users/eshuk/OneDrive/Рабочий%20стол/Новая%20папка/test_pero/build/reports/tests/1750602031113.0.png\r\nPage source: file:/C:/Users/eshuk/OneDrive/Рабочий%20стол/Новая%20папка/test_pero/build/reports/tests/1750602031113.0.html\r\nTimeout: 1 s.\r\nCaused by: ElementClickInterceptedException: element click intercepted: Element <a class=\"vkitButton__root--RejCB vkuiInternalTappable vkuiButton__host vkuiButton__sizeM vkuiButton__modeSecondary vkuiButton__appearanceAccent vkuiTappable__host vkuiTappable__hasPointerNone vkuiClickable__host vkuiClickable__realClickable vkuistyles__-focus-visible vkuiRootComponent__host\" target=\"_blank\" data-testid=\"market_item_page_shop_link\" href=\"/uslugi-225299895\">...</a> is not clickable at point (1064, 638). Other element would receive the click: <div class=\"PageBottomBanner__in\">...</div>","trace":"Invalid element state [a[data-testid='market_item_page_shop_link']]: element click intercepted: Element <a class=\"vkitButton__root--RejCB vkuiInternalTappable vkuiButton__host vkuiButton__sizeM vkuiButton__modeSecondary vkuiButton__appearanceAccent vkuiTappable__host vkuiTappable__hasPointerNone vkuiClickable__host vkuiClickable__realClickable vkuistyles__-focus-visible vkuiRootComponent__host\" target=\"_blank\" data-testid=\"market_item_page_shop_link\" href=\"/uslugi-225299895\">...</a> is not clickable at point (1064, 638). Other element would receive the click: <div class=\"PageBottomBanner__in\">...</div>\r\nScreenshot: file:/C:/Users/eshuk/OneDrive/Рабочий%20стол/Новая%20папка/test_pero/build/reports/tests/1750602031113.0.png\r\nPage source: file:/C:/Users/eshuk/OneDrive/Рабочий%20стол/Новая%20папка/test_pero/build/reports/tests/1750602031113.0.html\r\nTimeout: 1 s.\r\nCaused by: ElementClickInterceptedException: element click intercepted: Element <a class=\"vkitButton__root--RejCB vkuiInternalTappable vkuiButton__host vkuiButton__sizeM vkuiButton__modeSecondary vkuiButton__appearanceAccent vkuiTappable__host vkuiTappable__hasPointerNone vkuiClickable__host vkuiClickable__realClickable vkuistyles__-focus-visible vkuiRootComponent__host\" target=\"_blank\" data-testid=\"market_item_page_shop_link\" href=\"/uslugi-225299895\">...</a> is not clickable at point (1064, 638). Other element would receive the click: <div class=\"PageBottomBanner__in\">...</div>\r\n\tat com.codeborne.selenide.impl.ExceptionWrapper.wrap(ExceptionWrapper.java:26)\r\n\tat com.codeborne.selenide.impl.SelenideElementProxy.dispatchAndRetry(SelenideElementProxy.java:154)\r\n\tat com.codeborne.selenide.impl.SelenideElementProxy.invoke(SelenideElementProxy.java:84)\r\n\tat jdk.proxy3/jdk.proxy3.$Proxy17.click(Unknown Source)\r\n\tat com.example.demo.tests.ProductPageTest.shouldVerifyShopLinkButton(ProductPageTest.java:167)\r\n\tat java.base/java.lang.reflect.Method.invoke(Method.java:568)\r\n\tat java.base/java.util.ArrayList.forEach(ArrayList.java:1511)\r\n\tat java.base/java.util.ArrayList.forEach(ArrayList.java:1511)\r\nCaused by: org.openqa.selenium.ElementClickInterceptedException: element click intercepted: Element <a class=\"vkitButton__root--RejCB vkuiInternalTappable vkuiButton__host vkuiButton__sizeM vkuiButton__modeSecondary vkuiButton__appearanceAccent vkuiTappable__host vkuiTappable__hasPointerNone vkuiClickable__host vkuiClickable__realClickable vkuistyles__-focus-visible vkuiRootComponent__host\" target=\"_blank\" data-testid=\"market_item_page_shop_link\" href=\"/uslugi-225299895\">...</a> is not clickable at point (1064, 638). Other element would receive the click: <div class=\"PageBottomBanner__in\">...</div>\n  (Session info: chrome=137.0.7151.119)\nBuild info: version: '4.13.0', revision: 'ba948ece5b*'\nSystem info: os.name: 'Windows 11', os.arch: 'amd64', os.version: '10.0', java.version: '17.0.8'\nDriver info: org.openqa.selenium.chrome.ChromeDriver\nCommand: [266de2ca0ffca7778e6ff398ddcd5dd4, clickElement {id=f.193D56ADC12AA2C96EE81F7A72F8421E.d.73B658D33B872C53884ED078ED7A2110.e.283}]\nCapabilities {acceptInsecureCerts: true, browserName: chrome, browserVersion: 137.0.7151.119, chrome: {chromedriverVersion: 137.0.7151.119 (e0ac9d12dff..., userDataDir: C:\\Users\\eshuk\\AppData\\Loca...}, fedcm:accounts: true, goog:chromeOptions: {debuggerAddress: localhost:53448}, networkConnectionEnabled: false, pageLoadStrategy: normal, platformName: windows, proxy: Proxy(), se:cdp: ws://localhost:53448/devtoo..., se:cdpVersion: 137.0.7151.119, setWindowRect: true, strictFileInteractability: false, timeouts: {implicit: 0, pageLoad: 300000, script: 30000}, unhandledPromptBehavior: accept, webauthn:extension:credBlob: true, webauthn:extension:largeBlob: true, webauthn:extension:minPinLength: true, webauthn:extension:prf: true, webauthn:virtualAuthenticators: true}\nElement: [[ChromeDriver: chrome on windows (266de2ca0ffca7778e6ff398ddcd5dd4)] -> css selector: a[data-testid='market_item_page_shop_link']]\nSession ID: 266de2ca0ffca7778e6ff398ddcd5dd4\r\n\tat java.base/jdk.internal.reflect.NativeConstructorAccessorImpl.newInstance0(Native Method)\r\n\tat java.base/jdk.internal.reflect.NativeConstructorAccessorImpl.newInstance(NativeConstructorAccessorImpl.java:77)\r\n\tat java.base/jdk.internal.reflect.DelegatingConstructorAccessorImpl.newInstance(DelegatingConstructorAccessorImpl.java:45)\r\n\tat java.base/java.lang.reflect.Constructor.newInstanceWithCaller(Constructor.java:499)\r\n\tat java.base/java.lang.reflect.Constructor.newInstance(Constructor.java:480)\r\n\tat org.openqa.selenium.remote.codec.w3c.W3CHttpResponseCodec.createException(W3CHttpResponseCodec.java:200)\r\n\tat org.openqa.selenium.remote.codec.w3c.W3CHttpResponseCodec.decode(W3CHttpResponseCodec.java:133)\r\n\tat org.openqa.selenium.remote.codec.w3c.W3CHttpResponseCodec.decode(W3CHttpResponseCodec.java:52)\r\n\tat org.openqa.selenium.remote.HttpCommandExecutor.execute(HttpCommandExecutor.java:191)\r\n\tat org.openqa.selenium.remote.service.DriverCommandExecutor.invokeExecute(DriverCommandExecutor.java:196)\r\n\tat org.openqa.selenium.remote.service.DriverCommandExecutor.execute(DriverCommandExecutor.java:171)\r\n\tat org.openqa.selenium.remote.RemoteWebDriver.execute(RemoteWebDriver.java:602)\r\n\tat org.openqa.selenium.remote.RemoteWebElement.execute(RemoteWebElement.java:224)\r\n\tat org.openqa.selenium.remote.RemoteWebElement.click(RemoteWebElement.java:77)\r\n\tat com.codeborne.selenide.commands.Click.defaultClick(Click.java:97)\r\n\tat com.codeborne.selenide.commands.Click.click(Click.java:54)\r\n\tat com.codeborne.selenide.commands.Click.execute(Click.java:31)\r\n\tat com.codeborne.selenide.commands.Click.execute(Click.java:21)\r\n\tat com.codeborne.selenide.commands.Commands.execute(Commands.java:165)\r\n\tat com.codeborne.selenide.impl.SelenideElementProxy.dispatchAndRetry(SelenideElementProxy.java:132)\r\n\t... 6 more\r\n"},"stage":"finished","description":"","steps":[],"attachments":[],"parameters":[],"start":1750602020245,"stop":1750602031500}