{"uuid":"bc2d5df3-3893-40a4-8e4b-e4b7ee0a58c5","historyId":"bdaa0fdae4a2c77522028ba0b92fa4f","testCaseId":"[engine:junit-jupiter]/[class:com.example.demo.tests.CommunityPageTest]/[method:shouldNavigateToProductsSection()]","testCaseName":"Проверка перехода в раздел товаров","fullName":"com.example.demo.tests.CommunityPageTest.shouldNavigateToProductsSection","labels":[{"name":"junit.platform.uniqueid","value":"[engine:junit-jupiter]/[class:com.example.demo.tests.CommunityPageTest]/[method:shouldNavigateToProductsSection()]"},{"name":"host","value":"Egorik_Legenda"},{"name":"thread","value":"22700@Egorik_Legenda.Test worker(1)"},{"name":"framework","value":"junit-platform"},{"name":"language","value":"java"},{"name":"package","value":"com.example.demo.tests.CommunityPageTest"},{"name":"testClass","value":"com.example.demo.tests.CommunityPageTest"},{"name":"testMethod","value":"shouldNavigateToProductsSection"},{"name":"suite","value":"com.example.demo.tests.CommunityPageTest"}],"links":[],"name":"Проверка перехода в раздел товаров","status":"failed","statusDetails":{"known":false,"muted":false,"flaky":false,"message":"Invalid element state [By.xpath: //span[contains(@class, 'ui_tab_content_new') and text()='Товары']]: element click intercepted: Element <span class=\"ui_tab_content_new\">...</span> is not clickable at point (331, 645). Other element would receive the click: <div class=\"PageBottomBanner__in\">...</div>\r\nScreenshot: file:/C:/Users/eshuk/OneDrive/Рабочий%20стол/Новая%20папка/test_pero/build/reports/tests/1750599874136.0.png\r\nPage source: file:/C:/Users/eshuk/OneDrive/Рабочий%20стол/Новая%20папка/test_pero/build/reports/tests/1750599874136.0.html\r\nTimeout: 1 s.\r\nCaused by: ElementClickInterceptedException: element click intercepted: Element <span class=\"ui_tab_content_new\">...</span> is not clickable at point (331, 645). Other element would receive the click: <div class=\"PageBottomBanner__in\">...</div>","trace":"Invalid element state [By.xpath: //span[contains(@class, 'ui_tab_content_new') and text()='Товары']]: element click intercepted: Element <span class=\"ui_tab_content_new\">...</span> is not clickable at point (331, 645). Other element would receive the click: <div class=\"PageBottomBanner__in\">...</div>\r\nScreenshot: file:/C:/Users/eshuk/OneDrive/Рабочий%20стол/Новая%20папка/test_pero/build/reports/tests/1750599874136.0.png\r\nPage source: file:/C:/Users/eshuk/OneDrive/Рабочий%20стол/Новая%20папка/test_pero/build/reports/tests/1750599874136.0.html\r\nTimeout: 1 s.\r\nCaused by: ElementClickInterceptedException: element click intercepted: Element <span class=\"ui_tab_content_new\">...</span> is not clickable at point (331, 645). Other element would receive the click: <div class=\"PageBottomBanner__in\">...</div>\r\n\tat com.codeborne.selenide.impl.ExceptionWrapper.wrap(ExceptionWrapper.java:26)\r\n\tat com.codeborne.selenide.impl.SelenideElementProxy.dispatchAndRetry(SelenideElementProxy.java:154)\r\n\tat com.codeborne.selenide.impl.SelenideElementProxy.invoke(SelenideElementProxy.java:84)\r\n\tat jdk.proxy3/jdk.proxy3.$Proxy17.click(Unknown Source)\r\n\tat com.example.demo.tests.CommunityPageTest.shouldNavigateToProductsSection(CommunityPageTest.java:49)\r\n\tat java.base/java.lang.reflect.Method.invoke(Method.java:568)\r\n\tat java.base/java.util.ArrayList.forEach(ArrayList.java:1511)\r\n\tat java.base/java.util.ArrayList.forEach(ArrayList.java:1511)\r\nCaused by: org.openqa.selenium.ElementClickInterceptedException: element click intercepted: Element <span class=\"ui_tab_content_new\">...</span> is not clickable at point (331, 645). Other element would receive the click: <div class=\"PageBottomBanner__in\">...</div>\n  (Session info: chrome=137.0.7151.119)\nBuild info: version: '4.13.0', revision: 'ba948ece5b*'\nSystem info: os.name: 'Windows 11', os.arch: 'amd64', os.version: '10.0', java.version: '17.0.8'\nDriver info: org.openqa.selenium.chrome.ChromeDriver\nCommand: [a5a9e5c063889c62703e25dfb7255196, clickElement {id=f.29D5D55515A65B6CDDE6F68A67497D13.d.BB85493B6E6A0C1703D8F7BEBA7D651C.e.37}]\nCapabilities {acceptInsecureCerts: true, browserName: chrome, browserVersion: 137.0.7151.119, chrome: {chromedriverVersion: 137.0.7151.119 (e0ac9d12dff..., userDataDir: C:\\Users\\eshuk\\AppData\\Loca...}, fedcm:accounts: true, goog:chromeOptions: {debuggerAddress: localhost:51354}, networkConnectionEnabled: false, pageLoadStrategy: normal, platformName: windows, proxy: Proxy(), se:cdp: ws://localhost:51354/devtoo..., se:cdpVersion: 137.0.7151.119, setWindowRect: true, strictFileInteractability: false, timeouts: {implicit: 0, pageLoad: 300000, script: 30000}, unhandledPromptBehavior: accept, webauthn:extension:credBlob: true, webauthn:extension:largeBlob: true, webauthn:extension:minPinLength: true, webauthn:extension:prf: true, webauthn:virtualAuthenticators: true}\nElement: [[ChromeDriver: chrome on windows (a5a9e5c063889c62703e25dfb7255196)] -> xpath: //span[contains(@class, 'ui_tab_content_new') and text()='Товары']]\nSession ID: a5a9e5c063889c62703e25dfb7255196\r\n\tat java.base/jdk.internal.reflect.NativeConstructorAccessorImpl.newInstance0(Native Method)\r\n\tat java.base/jdk.internal.reflect.NativeConstructorAccessorImpl.newInstance(NativeConstructorAccessorImpl.java:77)\r\n\tat java.base/jdk.internal.reflect.DelegatingConstructorAccessorImpl.newInstance(DelegatingConstructorAccessorImpl.java:45)\r\n\tat java.base/java.lang.reflect.Constructor.newInstanceWithCaller(Constructor.java:499)\r\n\tat java.base/java.lang.reflect.Constructor.newInstance(Constructor.java:480)\r\n\tat org.openqa.selenium.remote.codec.w3c.W3CHttpResponseCodec.createException(W3CHttpResponseCodec.java:200)\r\n\tat org.openqa.selenium.remote.codec.w3c.W3CHttpResponseCodec.decode(W3CHttpResponseCodec.java:133)\r\n\tat org.openqa.selenium.remote.codec.w3c.W3CHttpResponseCodec.decode(W3CHttpResponseCodec.java:52)\r\n\tat org.openqa.selenium.remote.HttpCommandExecutor.execute(HttpCommandExecutor.java:191)\r\n\tat org.openqa.selenium.remote.service.DriverCommandExecutor.invokeExecute(DriverCommandExecutor.java:196)\r\n\tat org.openqa.selenium.remote.service.DriverCommandExecutor.execute(DriverCommandExecutor.java:171)\r\n\tat org.openqa.selenium.remote.RemoteWebDriver.execute(RemoteWebDriver.java:602)\r\n\tat org.openqa.selenium.remote.RemoteWebElement.execute(RemoteWebElement.java:224)\r\n\tat org.openqa.selenium.remote.RemoteWebElement.click(RemoteWebElement.java:77)\r\n\tat com.codeborne.selenide.commands.Click.defaultClick(Click.java:97)\r\n\tat com.codeborne.selenide.commands.Click.click(Click.java:54)\r\n\tat com.codeborne.selenide.commands.Click.execute(Click.java:31)\r\n\tat com.codeborne.selenide.commands.Click.execute(Click.java:21)\r\n\tat com.codeborne.selenide.commands.Commands.execute(Commands.java:165)\r\n\tat com.codeborne.selenide.impl.SelenideElementProxy.dispatchAndRetry(SelenideElementProxy.java:132)\r\n\t... 6 more\r\n"},"stage":"finished","description":"","steps":[],"attachments":[],"parameters":[],"start":1750599863350,"stop":1750599874744}